<?xml version="1.0" encoding="utf-8"?>
<coverage line-rate="0.8522" branch-rate="0.5531" version="1.9" timestamp="1773767352" lines-covered="929" lines-valid="1090" branches-covered="760" branches-valid="1374">
  <sources>
    <source>/Users/rodrigovidalaraujo/desenvolvimento/fire/src/Fire/</source>
  </sources>
  <packages>
    <package name="Fire" line-rate="0.8522" branch-rate="0.5531" complexity="1507">
      <classes>
        <class name="Fire.Request" filename="Request.fs" line-rate="0.8823000000000001" branch-rate="0.875" complexity="24">
          <methods>
            <method name="get_Path" signature="()" line-rate="1" branch-rate="1" complexity="1">
              <lines>
                <line number="13" hits="9" branch="False" />
              </lines>
            </method>
            <method name="get_Method" signature="()" line-rate="1" branch-rate="1" complexity="1">
              <lines>
                <line number="14" hits="18" branch="False" />
              </lines>
            </method>
            <method name="get_Params" signature="()" line-rate="1" branch-rate="1" complexity="1">
              <lines>
                <line number="15" hits="17" branch="False" />
              </lines>
            </method>
            <method name="get_Query" signature="()" line-rate="1" branch-rate="1" complexity="2">
              <lines>
                <line number="18" hits="2" branch="False" />
                <line number="19" hits="2" branch="False" />
                <line number="20" hits="10" branch="True" condition-coverage="100% (2/2)">
                  <conditions>
                    <condition number="89" type="jump" coverage="100%" />
                  </conditions>
                </line>
                <line number="21" hits="4" branch="False" />
                <line number="22" hits="2" branch="False" />
              </lines>
            </method>
            <method name="Header" signature="(System.String)" line-rate="1" branch-rate="1" complexity="2">
              <lines>
                <line number="25" hits="24" branch="True" condition-coverage="100% (2/2)">
                  <conditions>
                    <condition number="47" type="jump" coverage="100%" />
                  </conditions>
                </line>
                <line number="26" hits="16" branch="False" />
                <line number="27" hits="8" branch="False" />
              </lines>
            </method>
            <method name="Headers" signature="(System.String)" line-rate="0" branch-rate="0" complexity="2">
              <lines>
                <line number="30" hits="0" branch="True" condition-coverage="0% (0/2)">
                  <conditions>
                    <condition number="47" type="jump" coverage="0%" />
                  </conditions>
                </line>
                <line number="31" hits="0" branch="False" />
                <line number="32" hits="0" branch="False" />
              </lines>
            </method>
            <method name="get_Body" signature="()" line-rate="0" branch-rate="1" complexity="1">
              <lines>
                <line number="34" hits="0" branch="False" />
              </lines>
            </method>
            <method name="Json" signature="()" line-rate="1" branch-rate="1" complexity="1">
              <lines>
                <line number="37" hits="3" branch="False" />
                <line number="38" hits="3" branch="False" />
              </lines>
            </method>
            <method name="QueryParam" signature="(System.String)" line-rate="1" branch-rate="1" complexity="2">
              <lines>
                <line number="44" hits="3" branch="True" condition-coverage="100% (2/2)">
                  <conditions>
                    <condition number="47" type="jump" coverage="100%" />
                  </conditions>
                </line>
                <line number="45" hits="2" branch="False" />
                <line number="46" hits="1" branch="False" />
              </lines>
            </method>
            <method name="Text" signature="()" line-rate="1" branch-rate="1" complexity="1">
              <lines>
                <line number="49" hits="6" branch="False" />
                <line number="50" hits="6" branch="False" />
              </lines>
            </method>
            <method name="Form" signature="()" line-rate="1" branch-rate="1" complexity="1">
              <lines>
                <line number="56" hits="1" branch="False" />
                <line number="57" hits="1" branch="False" />
              </lines>
            </method>
            <method name="Accepts" signature="(System.String)" line-rate="1" branch-rate="1" complexity="2">
              <lines>
                <line number="66" hits="4" branch="True" condition-coverage="100% (2/2)">
                  <conditions>
                    <condition number="51" type="jump" coverage="100%" />
                  </conditions>
                </line>
                <line number="67" hits="3" branch="False" />
                <line number="68" hits="1" branch="False" />
              </lines>
            </method>
            <method name="get_ContentType" signature="()" line-rate="1" branch-rate="1" complexity="4">
              <lines>
                <line number="71" hits="2" branch="True" condition-coverage="100% (4/4)">
                  <conditions>
                    <condition number="18" type="jump" coverage="100%" />
                    <condition number="31" type="jump" coverage="100%" />
                  </conditions>
                </line>
                <line number="72" hits="1" branch="False" />
                <line number="73" hits="1" branch="False" />
              </lines>
            </method>
            <method name="Cookie" signature="(System.String)" line-rate="1" branch-rate="1" complexity="2">
              <lines>
                <line number="76" hits="2" branch="True" condition-coverage="100% (2/2)">
                  <conditions>
                    <condition number="39" type="jump" coverage="100%" />
                  </conditions>
                </line>
                <line number="77" hits="1" branch="False" />
                <line number="78" hits="1" branch="False" />
              </lines>
            </method>
            <method name="get_Raw" signature="()" line-rate="1" branch-rate="1" complexity="1">
              <lines>
                <line number="80" hits="12" branch="False" />
              </lines>
            </method>
          </methods>
          <lines>
            <line number="13" hits="9" branch="False" />
            <line number="14" hits="18" branch="False" />
            <line number="15" hits="17" branch="False" />
            <line number="18" hits="2" branch="False" />
            <line number="19" hits="2" branch="False" />
            <line number="20" hits="10" branch="True" condition-coverage="100% (2/2)">
              <conditions>
                <condition number="89" type="jump" coverage="100%" />
              </conditions>
            </line>
            <line number="21" hits="4" branch="False" />
            <line number="22" hits="2" branch="False" />
            <line number="25" hits="24" branch="True" condition-coverage="100% (2/2)">
              <conditions>
                <condition number="47" type="jump" coverage="100%" />
              </conditions>
            </line>
            <line number="26" hits="16" branch="False" />
            <line number="27" hits="8" branch="False" />
            <line number="30" hits="0" branch="True" condition-coverage="0% (0/2)">
              <conditions>
                <condition number="47" type="jump" coverage="0%" />
              </conditions>
            </line>
            <line number="31" hits="0" branch="False" />
            <line number="32" hits="0" branch="False" />
            <line number="34" hits="0" branch="False" />
            <line number="37" hits="3" branch="False" />
            <line number="38" hits="3" branch="False" />
            <line number="44" hits="3" branch="True" condition-coverage="100% (2/2)">
              <conditions>
                <condition number="47" type="jump" coverage="100%" />
              </conditions>
            </line>
            <line number="45" hits="2" branch="False" />
            <line number="46" hits="1" branch="False" />
            <line number="49" hits="6" branch="False" />
            <line number="50" hits="6" branch="False" />
            <line number="56" hits="1" branch="False" />
            <line number="57" hits="1" branch="False" />
            <line number="66" hits="4" branch="True" condition-coverage="100% (2/2)">
              <conditions>
                <condition number="51" type="jump" coverage="100%" />
              </conditions>
            </line>
            <line number="67" hits="3" branch="False" />
            <line number="68" hits="1" branch="False" />
            <line number="71" hits="2" branch="True" condition-coverage="100% (4/4)">
              <conditions>
                <condition number="18" type="jump" coverage="100%" />
                <condition number="31" type="jump" coverage="100%" />
              </conditions>
            </line>
            <line number="72" hits="1" branch="False" />
            <line number="73" hits="1" branch="False" />
            <line number="76" hits="2" branch="True" condition-coverage="100% (2/2)">
              <conditions>
                <condition number="39" type="jump" coverage="100%" />
              </conditions>
            </line>
            <line number="77" hits="1" branch="False" />
            <line number="78" hits="1" branch="False" />
            <line number="80" hits="12" branch="False" />
          </lines>
        </class>
        <class name="&lt;StartupCode$Fire&gt;.$Request/Json@38" filename="Request.fs" line-rate="1" branch-rate="0.4375" complexity="16">
          <methods>
            <method name="MoveNext" signature="()" line-rate="1" branch-rate="0.4375" complexity="16">
              <lines>
                <line number="39" hits="3" branch="True" condition-coverage="40% (4/10)">
                  <conditions>
                    <condition number="10" type="jump" coverage="50%" />
                    <condition number="30" type="jump" coverage="50%" />
                    <condition number="95" type="jump" coverage="50%" />
                    <condition number="100" type="jump" coverage="0%" />
                    <condition number="127" type="jump" coverage="50%" />
                  </conditions>
                </line>
                <line number="40" hits="3" branch="True" condition-coverage="50% (3/6)">
                  <conditions>
                    <condition number="196" type="jump" coverage="50%" />
                    <condition number="222" type="jump" coverage="50%" />
                    <condition number="272" type="jump" coverage="50%" />
                  </conditions>
                </line>
              </lines>
            </method>
          </methods>
          <lines>
            <line number="39" hits="3" branch="True" condition-coverage="40% (4/10)">
              <conditions>
                <condition number="10" type="jump" coverage="50%" />
                <condition number="30" type="jump" coverage="50%" />
                <condition number="95" type="jump" coverage="50%" />
                <condition number="100" type="jump" coverage="0%" />
                <condition number="127" type="jump" coverage="50%" />
              </conditions>
            </line>
            <line number="40" hits="3" branch="True" condition-coverage="50% (3/6)">
              <conditions>
                <condition number="196" type="jump" coverage="50%" />
                <condition number="222" type="jump" coverage="50%" />
                <condition number="272" type="jump" coverage="50%" />
              </conditions>
            </line>
          </lines>
        </class>
        <class name="&lt;StartupCode$Fire&gt;.$Request/Text@50" filename="Request.fs" line-rate="1" branch-rate="0.4" complexity="30">
          <methods>
            <method name="MoveNext" signature="()" line-rate="1" branch-rate="0.4" complexity="30">
              <lines>
                <line number="51" hits="6" branch="True" condition-coverage="50% (3/6)">
                  <conditions>
                    <condition number="10" type="jump" coverage="50%" />
                    <condition number="30" type="jump" coverage="50%" />
                    <condition number="75" type="jump" coverage="50%" />
                  </conditions>
                </line>
                <line number="52" hits="6" branch="True" condition-coverage="37.5% (9/24)">
                  <conditions>
                    <condition number="138" type="jump" coverage="50%" />
                    <condition number="143" type="jump" coverage="0%" />
                    <condition number="170" type="jump" coverage="50%" />
                    <condition number="231" type="jump" coverage="50%" />
                    <condition number="289" type="jump" coverage="0%" />
                    <condition number="297" type="jump" coverage="0%" />
                    <condition number="341" type="jump" coverage="50%" />
                    <condition number="363" type="jump" coverage="50%" />
                    <condition number="371" type="jump" coverage="50%" />
                    <condition number="408" type="jump" coverage="50%" />
                    <condition number="425" type="jump" coverage="50%" />
                    <condition number="475" type="jump" coverage="50%" />
                  </conditions>
                </line>
              </lines>
            </method>
          </methods>
          <lines>
            <line number="51" hits="6" branch="True" condition-coverage="50% (3/6)">
              <conditions>
                <condition number="10" type="jump" coverage="50%" />
                <condition number="30" type="jump" coverage="50%" />
                <condition number="75" type="jump" coverage="50%" />
              </conditions>
            </line>
            <line number="52" hits="6" branch="True" condition-coverage="37.5% (9/24)">
              <conditions>
                <condition number="138" type="jump" coverage="50%" />
                <condition number="143" type="jump" coverage="0%" />
                <condition number="170" type="jump" coverage="50%" />
                <condition number="231" type="jump" coverage="50%" />
                <condition number="289" type="jump" coverage="0%" />
                <condition number="297" type="jump" coverage="0%" />
                <condition number="341" type="jump" coverage="50%" />
                <condition number="363" type="jump" coverage="50%" />
                <condition number="371" type="jump" coverage="50%" />
                <condition number="408" type="jump" coverage="50%" />
                <condition number="425" type="jump" coverage="50%" />
                <condition number="475" type="jump" coverage="50%" />
              </conditions>
            </line>
          </lines>
        </class>
        <class name="&lt;StartupCode$Fire&gt;.$Request/Form@57" filename="Request.fs" line-rate="1" branch-rate="0.4375" complexity="32">
          <methods>
            <method name="MoveNext" signature="()" line-rate="1" branch-rate="0.4375" complexity="32">
              <lines>
                <line number="58" hits="1" branch="True" condition-coverage="40% (4/10)">
                  <conditions>
                    <condition number="10" type="jump" coverage="50%" />
                    <condition number="30" type="jump" coverage="50%" />
                    <condition number="93" type="jump" coverage="50%" />
                    <condition number="98" type="jump" coverage="0%" />
                    <condition number="125" type="jump" coverage="50%" />
                  </conditions>
                </line>
                <line number="59" hits="1" branch="False" />
                <line number="60" hits="4" branch="True" condition-coverage="42.85% (6/14)">
                  <conditions>
                    <condition number="264" type="jump" coverage="100%" />
                    <condition number="299" type="jump" coverage="0%" />
                    <condition number="307" type="jump" coverage="0%" />
                    <condition number="348" type="jump" coverage="50%" />
                    <condition number="366" type="jump" coverage="50%" />
                    <condition number="374" type="jump" coverage="50%" />
                    <condition number="412" type="jump" coverage="50%" />
                  </conditions>
                </line>
                <line number="61" hits="2" branch="True" condition-coverage="50% (1/2)">
                  <conditions>
                    <condition number="250" type="jump" coverage="50%" />
                  </conditions>
                </line>
                <line number="62" hits="1" branch="True" condition-coverage="50% (3/6)">
                  <conditions>
                    <condition number="464" type="jump" coverage="50%" />
                    <condition number="490" type="jump" coverage="50%" />
                    <condition number="540" type="jump" coverage="50%" />
                  </conditions>
                </line>
              </lines>
            </method>
          </methods>
          <lines>
            <line number="58" hits="1" branch="True" condition-coverage="40% (4/10)">
              <conditions>
                <condition number="10" type="jump" coverage="50%" />
                <condition number="30" type="jump" coverage="50%" />
                <condition number="93" type="jump" coverage="50%" />
                <condition number="98" type="jump" coverage="0%" />
                <condition number="125" type="jump" coverage="50%" />
              </conditions>
            </line>
            <line number="59" hits="1" branch="False" />
            <line number="60" hits="4" branch="True" condition-coverage="42.85% (6/14)">
              <conditions>
                <condition number="264" type="jump" coverage="100%" />
                <condition number="299" type="jump" coverage="0%" />
                <condition number="307" type="jump" coverage="0%" />
                <condition number="348" type="jump" coverage="50%" />
                <condition number="366" type="jump" coverage="50%" />
                <condition number="374" type="jump" coverage="50%" />
                <condition number="412" type="jump" coverage="50%" />
              </conditions>
            </line>
            <line number="61" hits="2" branch="True" condition-coverage="50% (1/2)">
              <conditions>
                <condition number="250" type="jump" coverage="50%" />
              </conditions>
            </line>
            <line number="62" hits="1" branch="True" condition-coverage="50% (3/6)">
              <conditions>
                <condition number="464" type="jump" coverage="50%" />
                <condition number="490" type="jump" coverage="50%" />
                <condition number="540" type="jump" coverage="50%" />
              </conditions>
            </line>
          </lines>
        </class>
        <class name="Fire.SchemaBuilder" filename="Schema.fs" line-rate="0.8709" branch-rate="0.75" complexity="7">
          <methods>
            <method name="Bind" signature="(Fire.SchemaField`1&lt;T&gt;,Microsoft.FSharp.Core.FSharpFunc`2&lt;T,Fire.SchemaParser`1&lt;U&gt;&gt;)" line-rate="0.7142000000000001" branch-rate="1" complexity="1">
              <lines>
                <line number="542" hits="31" branch="False" />
                <line number="543" hits="31" branch="False" />
                <line number="544" hits="31" branch="False" />
                <line number="545" hits="31" branch="False" />
                <line number="546" hits="6" branch="False" />
                <line number="547" hits="31" branch="False" />
                <line number="548" hits="6" branch="False" />
                <line number="549" hits="6" branch="False" />
                <line number="550" hits="0" branch="False" />
                <line number="551" hits="31" branch="False" />
                <line number="552" hits="0" branch="False" />
                <line number="553" hits="0" branch="False" />
                <line number="554" hits="0" branch="False" />
                <line number="555" hits="31" branch="False" />
              </lines>
            </method>
            <method name="Return" signature="(T)" line-rate="1" branch-rate="1" complexity="1">
              <lines>
                <line number="558" hits="45" branch="False" />
                <line number="559" hits="45" branch="False" />
                <line number="560" hits="45" branch="False" />
                <line number="561" hits="3" branch="False" />
                <line number="562" hits="45" branch="False" />
              </lines>
            </method>
            <method name="Run" signature="(Fire.SchemaParser`1&lt;T&gt;)" line-rate="1" branch-rate="0.75" complexity="4">
              <lines>
                <line number="565" hits="24" branch="False" />
                <line number="568" hits="8" branch="False" />
                <line number="569" hits="8" branch="False" />
                <line number="571" hits="16" branch="True" condition-coverage="50% (1/2)">
                  <conditions>
                    <condition number="66" type="jump" coverage="50%" />
                  </conditions>
                </line>
                <line number="572" hits="32" branch="True" condition-coverage="100% (2/2)">
                  <conditions>
                    <condition number="145" type="jump" coverage="100%" />
                  </conditions>
                </line>
                <line number="573" hits="50" branch="False" />
                <line number="578" hits="8" branch="False" />
                <line number="579" hits="8" branch="False" />
                <line number="580" hits="8" branch="False" />
                <line number="581" hits="16" branch="False" />
                <line number="582" hits="8" branch="False" />
              </lines>
            </method>
            <method name=".ctor" signature="()" line-rate="1" branch-rate="1" complexity="1">
              <lines>
                <line number="540" hits="1" branch="False" />
              </lines>
            </method>
          </methods>
          <lines>
            <line number="542" hits="31" branch="False" />
            <line number="543" hits="31" branch="False" />
            <line number="544" hits="31" branch="False" />
            <line number="545" hits="31" branch="False" />
            <line number="546" hits="6" branch="False" />
            <line number="547" hits="31" branch="False" />
            <line number="548" hits="6" branch="False" />
            <line number="549" hits="6" branch="False" />
            <line number="550" hits="0" branch="False" />
            <line number="551" hits="31" branch="False" />
            <line number="552" hits="0" branch="False" />
            <line number="553" hits="0" branch="False" />
            <line number="554" hits="0" branch="False" />
            <line number="555" hits="31" branch="False" />
            <line number="558" hits="45" branch="False" />
            <line number="559" hits="45" branch="False" />
            <line number="560" hits="45" branch="False" />
            <line number="561" hits="3" branch="False" />
            <line number="562" hits="45" branch="False" />
            <line number="565" hits="24" branch="False" />
            <line number="568" hits="8" branch="False" />
            <line number="569" hits="8" branch="False" />
            <line number="571" hits="16" branch="True" condition-coverage="50% (1/2)">
              <conditions>
                <condition number="66" type="jump" coverage="50%" />
              </conditions>
            </line>
            <line number="572" hits="32" branch="True" condition-coverage="100% (2/2)">
              <conditions>
                <condition number="145" type="jump" coverage="100%" />
              </conditions>
            </line>
            <line number="573" hits="50" branch="False" />
            <line number="578" hits="8" branch="False" />
            <line number="579" hits="8" branch="False" />
            <line number="580" hits="8" branch="False" />
            <line number="581" hits="16" branch="False" />
            <line number="582" hits="8" branch="False" />
            <line number="540" hits="1" branch="False" />
          </lines>
        </class>
        <class name="Fire.Schema" filename="Schema.fs" line-rate="0.7989" branch-rate="0.6956" complexity="63">
          <methods>
            <method name="minLength" signature="(System.Int32)" line-rate="1" branch-rate="1" complexity="1">
              <lines>
                <line number="203" hits="2" branch="False" />
                <line number="204" hits="2" branch="False" />
                <line number="205" hits="29" branch="False" />
                <line number="206" hits="3" branch="False" />
                <line number="207" hits="2" branch="False" />
                <line number="208" hits="2" branch="False" />
              </lines>
            </method>
            <method name="maxLength" signature="(System.Int32)" line-rate="1" branch-rate="1" complexity="1">
              <lines>
                <line number="210" hits="1" branch="False" />
                <line number="211" hits="1" branch="False" />
                <line number="212" hits="23" branch="False" />
                <line number="213" hits="1" branch="False" />
                <line number="214" hits="1" branch="False" />
                <line number="215" hits="1" branch="False" />
              </lines>
            </method>
            <method name="pattern" signature="(System.String)" line-rate="1" branch-rate="1" complexity="1">
              <lines>
                <line number="217" hits="4" branch="False" />
                <line number="218" hits="4" branch="False" />
                <line number="219" hits="1" branch="False" />
                <line number="220" hits="1" branch="False" />
                <line number="221" hits="4" branch="False" />
                <line number="222" hits="4" branch="False" />
              </lines>
            </method>
            <method name="min" signature="(System.Double)" line-rate="0" branch-rate="1" complexity="1">
              <lines>
                <line number="224" hits="0" branch="False" />
                <line number="225" hits="0" branch="False" />
                <line number="226" hits="0" branch="False" />
                <line number="227" hits="0" branch="False" />
                <line number="228" hits="0" branch="False" />
                <line number="229" hits="0" branch="False" />
              </lines>
            </method>
            <method name="max" signature="(System.Double)" line-rate="0" branch-rate="1" complexity="1">
              <lines>
                <line number="231" hits="0" branch="False" />
                <line number="232" hits="0" branch="False" />
                <line number="233" hits="0" branch="False" />
                <line number="234" hits="0" branch="False" />
                <line number="235" hits="0" branch="False" />
                <line number="236" hits="0" branch="False" />
              </lines>
            </method>
            <method name="enum'" signature="(Microsoft.FSharp.Collections.FSharpList`1&lt;System.String&gt;)" line-rate="1" branch-rate="1" complexity="1">
              <lines>
                <line number="254" hits="2" branch="False" />
                <line number="255" hits="2" branch="False" />
                <line number="256" hits="2" branch="False" />
                <line number="257" hits="7" branch="False" />
                <line number="258" hits="2" branch="False" />
                <line number="259" hits="1" branch="False" />
                <line number="260" hits="1" branch="False" />
                <line number="261" hits="2" branch="False" />
                <line number="262" hits="2" branch="False" />
              </lines>
            </method>
            <method name="applyRules" signature="(System.String,Microsoft.FSharp.Collections.FSharpList`1&lt;Fire.Rule&gt;,System.Object)" line-rate="1" branch-rate="0.5" complexity="2">
              <lines>
                <line number="267" hits="8" branch="False" />
                <line number="268" hits="2" branch="False" />
                <line number="269" hits="2" branch="False" />
                <line number="270" hits="4" branch="False" />
                <line number="271" hits="8" branch="True" condition-coverage="50% (1/2)">
                  <conditions>
                    <condition number="23" type="jump" coverage="50%" />
                  </conditions>
                </line>
              </lines>
            </method>
            <method name="string" signature="(System.Text.Json.JsonElement)" line-rate="1" branch-rate="1" complexity="1">
              <lines>
                <line number="276" hits="8" branch="False" />
              </lines>
            </method>
            <method name="int" signature="(System.Text.Json.JsonElement)" line-rate="0" branch-rate="1" complexity="1">
              <lines>
                <line number="279" hits="0" branch="False" />
              </lines>
            </method>
            <method name="bool" signature="(System.Text.Json.JsonElement)" line-rate="0" branch-rate="1" complexity="1">
              <lines>
                <line number="282" hits="0" branch="False" />
              </lines>
            </method>
            <method name="float" signature="(System.Text.Json.JsonElement)" line-rate="0" branch-rate="1" complexity="1">
              <lines>
                <line number="285" hits="0" branch="False" />
              </lines>
            </method>
            <method name="list" signature="(Microsoft.FSharp.Core.FSharpFunc`2&lt;System.Text.Json.JsonElement,Microsoft.FSharp.Core.FSharpResult`2&lt;T,System.String&gt;&gt;,System.Text.Json.JsonElement)" line-rate="0" branch-rate="0" complexity="2">
              <lines>
                <line number="288" hits="0" branch="False" />
                <line number="289" hits="0" branch="False" />
                <line number="290" hits="0" branch="False" />
                <line number="291" hits="0" branch="False" />
                <line number="292" hits="0" branch="False" />
                <line number="293" hits="0" branch="False" />
                <line number="294" hits="0" branch="False" />
                <line number="295" hits="0" branch="True" condition-coverage="0% (0/2)">
                  <conditions>
                    <condition number="72" type="jump" coverage="0%" />
                  </conditions>
                </line>
                <line number="296" hits="0" branch="False" />
                <line number="298" hits="0" branch="False" />
                <line number="299" hits="0" branch="False" />
              </lines>
            </method>
            <method name="nullable" signature="(Microsoft.FSharp.Core.FSharpFunc`2&lt;System.Text.Json.JsonElement,Microsoft.FSharp.Core.FSharpResult`2&lt;T,System.String&gt;&gt;,System.Text.Json.JsonElement)" line-rate="1" branch-rate="0.5" complexity="4">
              <lines>
                <line number="302" hits="1" branch="True" condition-coverage="50% (1/2)">
                  <conditions>
                    <condition number="9" type="jump" coverage="50%" />
                  </conditions>
                </line>
                <line number="303" hits="2" branch="True" condition-coverage="50% (1/2)">
                  <conditions>
                    <condition number="36" type="jump" coverage="50%" />
                  </conditions>
                </line>
              </lines>
            </method>
            <method name="buildNestedFieldType" signature="(Fire.Schema`1&lt;T&gt;)" line-rate="0.8181" branch-rate="0.75" complexity="4">
              <lines>
                <line number="307" hits="4" branch="False" />
                <line number="308" hits="4" branch="False" />
                <line number="313" hits="8" branch="False" />
                <line number="314" hits="4" branch="False" />
                <line number="315" hits="12" branch="False" />
                <line number="316" hits="12" branch="False" />
                <line number="317" hits="0" branch="False" />
                <line number="318" hits="0" branch="False" />
                <line number="319" hits="0" branch="False" />
                <line number="320" hits="0" branch="False" />
                <line number="321" hits="12" branch="False" />
                <line number="322" hits="12" branch="False" />
                <line number="323" hits="12" branch="False" />
                <line number="324" hits="12" branch="False" />
                <line number="325" hits="12" branch="False" />
                <line number="326" hits="12" branch="False" />
                <line number="327" hits="12" branch="False" />
                <line number="328" hits="8" branch="False" />
                <line number="331" hits="8" branch="True" condition-coverage="50% (1/2)">
                  <conditions>
                    <condition number="71" type="jump" coverage="50%" />
                  </conditions>
                </line>
                <line number="332" hits="24" branch="True" condition-coverage="100% (2/2)">
                  <conditions>
                    <condition number="150" type="jump" coverage="100%" />
                  </conditions>
                </line>
                <line number="333" hits="40" branch="False" />
                <line number="337" hits="4" branch="False" />
              </lines>
            </method>
            <method name="nest" signature="(Fire.Schema`1&lt;T&gt;)" line-rate="1" branch-rate="1" complexity="1">
              <lines>
                <line number="342" hits="4" branch="False" />
                <line number="348" hits="8" branch="False" />
                <line number="349" hits="4" branch="False" />
              </lines>
            </method>
            <method name="inferFieldType" signature="(Microsoft.FSharp.Core.FSharpFunc`2&lt;System.Text.Json.JsonElement,Microsoft.FSharp.Core.FSharpResult`2&lt;T,System.String&gt;&gt;)" line-rate="1" branch-rate="0.8332999999999999" complexity="12">
              <lines>
                <line number="354" hits="31" branch="True" condition-coverage="100% (2/2)">
                  <conditions>
                    <condition number="31" type="jump" coverage="100%" />
                  </conditions>
                </line>
                <line number="355" hits="4" branch="False" />
                <line number="357" hits="43" branch="True" condition-coverage="100% (2/2)">
                  <conditions>
                    <condition number="68" type="jump" coverage="100%" />
                  </conditions>
                </line>
                <line number="358" hits="11" branch="True" condition-coverage="50% (1/2)">
                  <conditions>
                    <condition number="102" type="jump" coverage="50%" />
                  </conditions>
                </line>
                <line number="359" hits="14" branch="True" condition-coverage="100% (2/2)">
                  <conditions>
                    <condition number="136" type="jump" coverage="100%" />
                  </conditions>
                </line>
                <line number="360" hits="8" branch="True" condition-coverage="50% (1/2)">
                  <conditions>
                    <condition number="170" type="jump" coverage="50%" />
                  </conditions>
                </line>
                <line number="361" hits="10" branch="True" condition-coverage="100% (2/2)">
                  <conditions>
                    <condition number="204" type="jump" coverage="100%" />
                  </conditions>
                </line>
                <line number="362" hits="6" branch="False" />
              </lines>
            </method>
            <method name="required" signature="(System.String,Microsoft.FSharp.Core.FSharpFunc`2&lt;System.Text.Json.JsonElement,Microsoft.FSharp.Core.FSharpResult`2&lt;T,System.String&gt;&gt;,Microsoft.FSharp.Collections.FSharpList`1&lt;Fire.Rule&gt;)" line-rate="0.9117000000000001" branch-rate="0.625" complexity="8">
              <lines>
                <line number="367" hits="20" branch="False" />
                <line number="368" hits="20" branch="False" />
                <line number="369" hits="20" branch="False" />
                <line number="370" hits="34" branch="True" condition-coverage="100% (2/2)">
                  <conditions>
                    <condition number="27" type="jump" coverage="100%" />
                  </conditions>
                </line>
                <line number="371" hits="6" branch="True" condition-coverage="50% (1/2)">
                  <conditions>
                    <condition number="66" type="jump" coverage="50%" />
                  </conditions>
                </line>
                <line number="372" hits="6" branch="True" condition-coverage="50% (1/2)">
                  <conditions>
                    <condition number="102" type="jump" coverage="50%" />
                  </conditions>
                </line>
                <line number="373" hits="6" branch="True" condition-coverage="50% (1/2)">
                  <conditions>
                    <condition number="138" type="jump" coverage="50%" />
                  </conditions>
                </line>
                <line number="374" hits="6" branch="False" />
                <line number="375" hits="20" branch="False" />
                <line number="376" hits="49" branch="False" />
                <line number="377" hits="20" branch="False" />
                <line number="378" hits="20" branch="False" />
                <line number="379" hits="20" branch="False" />
                <line number="380" hits="20" branch="False" />
                <line number="381" hits="20" branch="False" />
                <line number="382" hits="20" branch="False" />
                <line number="383" hits="20" branch="False" />
                <line number="384" hits="20" branch="False" />
                <line number="385" hits="20" branch="False" />
                <line number="386" hits="20" branch="False" />
                <line number="387" hits="20" branch="False" />
                <line number="388" hits="20" branch="False" />
                <line number="389" hits="20" branch="False" />
                <line number="390" hits="20" branch="False" />
                <line number="391" hits="3" branch="False" />
                <line number="392" hits="3" branch="False" />
                <line number="393" hits="3" branch="False" />
                <line number="394" hits="20" branch="False" />
                <line number="395" hits="3" branch="False" />
                <line number="396" hits="3" branch="False" />
                <line number="397" hits="0" branch="False" />
                <line number="398" hits="0" branch="False" />
                <line number="399" hits="0" branch="False" />
                <line number="400" hits="20" branch="False" />
              </lines>
            </method>
            <method name="optional" signature="(System.String,Microsoft.FSharp.Core.FSharpFunc`2&lt;System.Text.Json.JsonElement,Microsoft.FSharp.Core.FSharpResult`2&lt;T,System.String&gt;&gt;,T,Microsoft.FSharp.Collections.FSharpList`1&lt;Fire.Rule&gt;)" line-rate="0.9411" branch-rate="0.75" complexity="8">
              <lines>
                <line number="403" hits="11" branch="False" />
                <line number="404" hits="11" branch="False" />
                <line number="405" hits="11" branch="False" />
                <line number="406" hits="13" branch="True" condition-coverage="100% (2/2)">
                  <conditions>
                    <condition number="27" type="jump" coverage="100%" />
                  </conditions>
                </line>
                <line number="407" hits="9" branch="True" condition-coverage="50% (1/2)">
                  <conditions>
                    <condition number="66" type="jump" coverage="50%" />
                  </conditions>
                </line>
                <line number="408" hits="12" branch="True" condition-coverage="100% (2/2)">
                  <conditions>
                    <condition number="102" type="jump" coverage="100%" />
                  </conditions>
                </line>
                <line number="409" hits="6" branch="True" condition-coverage="50% (1/2)">
                  <conditions>
                    <condition number="138" type="jump" coverage="50%" />
                  </conditions>
                </line>
                <line number="410" hits="6" branch="False" />
                <line number="411" hits="11" branch="False" />
                <line number="412" hits="24" branch="False" />
                <line number="413" hits="11" branch="False" />
                <line number="414" hits="11" branch="False" />
                <line number="415" hits="11" branch="False" />
                <line number="416" hits="11" branch="False" />
                <line number="417" hits="11" branch="False" />
                <line number="418" hits="11" branch="False" />
                <line number="419" hits="11" branch="False" />
                <line number="420" hits="11" branch="False" />
                <line number="421" hits="11" branch="False" />
                <line number="422" hits="11" branch="False" />
                <line number="423" hits="11" branch="False" />
                <line number="424" hits="11" branch="False" />
                <line number="425" hits="11" branch="False" />
                <line number="426" hits="11" branch="False" />
                <line number="427" hits="3" branch="False" />
                <line number="428" hits="2" branch="False" />
                <line number="429" hits="1" branch="False" />
                <line number="430" hits="11" branch="False" />
                <line number="431" hits="1" branch="False" />
                <line number="432" hits="1" branch="False" />
                <line number="433" hits="0" branch="False" />
                <line number="434" hits="0" branch="False" />
                <line number="435" hits="2" branch="False" />
                <line number="436" hits="11" branch="False" />
              </lines>
            </method>
            <method name="parseJson" signature="(Fire.Schema`1&lt;T&gt;,System.Text.Json.JsonElement)" line-rate="1" branch-rate="1" complexity="1">
              <lines>
                <line number="441" hits="2" branch="False" />
              </lines>
            </method>
            <method name="parseString" signature="(Fire.Schema`1&lt;T&gt;,System.String)" line-rate="0.6666" branch-rate="1" complexity="1">
              <lines>
                <line number="444" hits="13" branch="False" />
                <line number="445" hits="13" branch="False" />
                <line number="446" hits="13" branch="False" />
                <line number="447" hits="13" branch="False" />
                <line number="448" hits="0" branch="False" />
                <line number="449" hits="0" branch="False" />
              </lines>
            </method>
            <method name="parseBuffer" signature="(Fire.Schema`1&lt;T&gt;,System.Buffers.ReadOnlySequence`1&lt;System.Byte&gt;)" line-rate="1" branch-rate="1" complexity="1">
              <lines>
                <line number="452" hits="13" branch="False" />
              </lines>
            </method>
            <method name="parsePipe" signature="(Fire.Schema`1&lt;T&gt;,System.IO.Pipelines.PipeReader)" line-rate="1" branch-rate="1" complexity="1">
              <lines>
                <line number="454" hits="2" branch="False" />
              </lines>
            </method>
            <method name="parseStream" signature="(Fire.Schema`1&lt;T&gt;,System.IO.Stream)" line-rate="1" branch-rate="1" complexity="1">
              <lines>
                <line number="463" hits="1" branch="False" />
              </lines>
            </method>
            <method name="validated" signature="(Fire.Schema`1&lt;T&gt;,Microsoft.FSharp.Core.FSharpFunc`2&lt;T,System.Threading.Tasks.Task`1&lt;Fire.Response&gt;&gt;,Fire.Request)" line-rate="0" branch-rate="1" complexity="1">
              <lines>
                <line number="475" hits="0" branch="False" />
              </lines>
            </method>
            <method name="toJsonSchema" signature="(Fire.Schema`1&lt;T&gt;)" line-rate="1" branch-rate="0.8332999999999999" complexity="6">
              <lines>
                <line number="491" hits="1" branch="False" />
                <line number="492" hits="1" branch="False" />
                <line number="521" hits="1" branch="False" />
                <line number="522" hits="1" branch="False" />
                <line number="524" hits="1" branch="False" />
                <line number="525" hits="4" branch="True" condition-coverage="100% (2/2)">
                  <conditions>
                    <condition number="116" type="jump" coverage="100%" />
                  </conditions>
                </line>
                <line number="526" hits="2" branch="False" />
                <line number="527" hits="1" branch="False" />
                <line number="529" hits="6" branch="False" />
                <line number="530" hits="1" branch="True" condition-coverage="50% (1/2)">
                  <conditions>
                    <condition number="169" type="jump" coverage="50%" />
                  </conditions>
                </line>
                <line number="531" hits="1" branch="False" />
                <line number="532" hits="4" branch="True" condition-coverage="100% (2/2)">
                  <conditions>
                    <condition number="229" type="jump" coverage="100%" />
                  </conditions>
                </line>
                <line number="533" hits="1" branch="False" />
                <line number="535" hits="1" branch="False" />
                <line number="536" hits="1" branch="False" />
                <line number="537" hits="1" branch="False" />
              </lines>
            </method>
          </methods>
          <lines>
            <line number="203" hits="2" branch="False" />
            <line number="204" hits="2" branch="False" />
            <line number="205" hits="29" branch="False" />
            <line number="206" hits="3" branch="False" />
            <line number="207" hits="2" branch="False" />
            <line number="208" hits="2" branch="False" />
            <line number="210" hits="1" branch="False" />
            <line number="211" hits="1" branch="False" />
            <line number="212" hits="23" branch="False" />
            <line number="213" hits="1" branch="False" />
            <line number="214" hits="1" branch="False" />
            <line number="215" hits="1" branch="False" />
            <line number="217" hits="4" branch="False" />
            <line number="218" hits="4" branch="False" />
            <line number="219" hits="1" branch="False" />
            <line number="220" hits="1" branch="False" />
            <line number="221" hits="4" branch="False" />
            <line number="222" hits="4" branch="False" />
            <line number="224" hits="0" branch="False" />
            <line number="225" hits="0" branch="False" />
            <line number="226" hits="0" branch="False" />
            <line number="227" hits="0" branch="False" />
            <line number="228" hits="0" branch="False" />
            <line number="229" hits="0" branch="False" />
            <line number="231" hits="0" branch="False" />
            <line number="232" hits="0" branch="False" />
            <line number="233" hits="0" branch="False" />
            <line number="234" hits="0" branch="False" />
            <line number="235" hits="0" branch="False" />
            <line number="236" hits="0" branch="False" />
            <line number="254" hits="2" branch="False" />
            <line number="255" hits="2" branch="False" />
            <line number="256" hits="2" branch="False" />
            <line number="257" hits="7" branch="False" />
            <line number="258" hits="2" branch="False" />
            <line number="259" hits="1" branch="False" />
            <line number="260" hits="1" branch="False" />
            <line number="261" hits="2" branch="False" />
            <line number="262" hits="2" branch="False" />
            <line number="267" hits="8" branch="False" />
            <line number="268" hits="2" branch="False" />
            <line number="269" hits="2" branch="False" />
            <line number="270" hits="4" branch="False" />
            <line number="271" hits="8" branch="True" condition-coverage="50% (1/2)">
              <conditions>
                <condition number="23" type="jump" coverage="50%" />
              </conditions>
            </line>
            <line number="276" hits="8" branch="False" />
            <line number="279" hits="0" branch="False" />
            <line number="282" hits="0" branch="False" />
            <line number="285" hits="0" branch="False" />
            <line number="288" hits="0" branch="False" />
            <line number="289" hits="0" branch="False" />
            <line number="290" hits="0" branch="False" />
            <line number="291" hits="0" branch="False" />
            <line number="292" hits="0" branch="False" />
            <line number="293" hits="0" branch="False" />
            <line number="294" hits="0" branch="False" />
            <line number="295" hits="0" branch="True" condition-coverage="0% (0/2)">
              <conditions>
                <condition number="72" type="jump" coverage="0%" />
              </conditions>
            </line>
            <line number="296" hits="0" branch="False" />
            <line number="298" hits="0" branch="False" />
            <line number="299" hits="0" branch="False" />
            <line number="302" hits="1" branch="True" condition-coverage="50% (1/2)">
              <conditions>
                <condition number="9" type="jump" coverage="50%" />
              </conditions>
            </line>
            <line number="303" hits="2" branch="True" condition-coverage="50% (1/2)">
              <conditions>
                <condition number="36" type="jump" coverage="50%" />
              </conditions>
            </line>
            <line number="307" hits="4" branch="False" />
            <line number="308" hits="4" branch="False" />
            <line number="313" hits="8" branch="False" />
            <line number="314" hits="4" branch="False" />
            <line number="315" hits="12" branch="False" />
            <line number="316" hits="12" branch="False" />
            <line number="317" hits="0" branch="False" />
            <line number="318" hits="0" branch="False" />
            <line number="319" hits="0" branch="False" />
            <line number="320" hits="0" branch="False" />
            <line number="321" hits="12" branch="False" />
            <line number="322" hits="12" branch="False" />
            <line number="323" hits="12" branch="False" />
            <line number="324" hits="12" branch="False" />
            <line number="325" hits="12" branch="False" />
            <line number="326" hits="12" branch="False" />
            <line number="327" hits="12" branch="False" />
            <line number="328" hits="8" branch="False" />
            <line number="331" hits="8" branch="True" condition-coverage="50% (1/2)">
              <conditions>
                <condition number="71" type="jump" coverage="50%" />
              </conditions>
            </line>
            <line number="332" hits="24" branch="True" condition-coverage="100% (2/2)">
              <conditions>
                <condition number="150" type="jump" coverage="100%" />
              </conditions>
            </line>
            <line number="333" hits="40" branch="False" />
            <line number="337" hits="4" branch="False" />
            <line number="342" hits="4" branch="False" />
            <line number="348" hits="8" branch="False" />
            <line number="349" hits="4" branch="False" />
            <line number="354" hits="31" branch="True" condition-coverage="100% (2/2)">
              <conditions>
                <condition number="31" type="jump" coverage="100%" />
              </conditions>
            </line>
            <line number="355" hits="4" branch="False" />
            <line number="357" hits="43" branch="True" condition-coverage="100% (2/2)">
              <conditions>
                <condition number="68" type="jump" coverage="100%" />
              </conditions>
            </line>
            <line number="358" hits="11" branch="True" condition-coverage="50% (1/2)">
              <conditions>
                <condition number="102" type="jump" coverage="50%" />
              </conditions>
            </line>
            <line number="359" hits="14" branch="True" condition-coverage="100% (2/2)">
              <conditions>
                <condition number="136" type="jump" coverage="100%" />
              </conditions>
            </line>
            <line number="360" hits="8" branch="True" condition-coverage="50% (1/2)">
              <conditions>
                <condition number="170" type="jump" coverage="50%" />
              </conditions>
            </line>
            <line number="361" hits="10" branch="True" condition-coverage="100% (2/2)">
              <conditions>
                <condition number="204" type="jump" coverage="100%" />
              </conditions>
            </line>
            <line number="362" hits="6" branch="False" />
            <line number="367" hits="20" branch="False" />
            <line number="368" hits="20" branch="False" />
            <line number="369" hits="20" branch="False" />
            <line number="370" hits="34" branch="True" condition-coverage="100% (2/2)">
              <conditions>
                <condition number="27" type="jump" coverage="100%" />
              </conditions>
            </line>
            <line number="371" hits="6" branch="True" condition-coverage="50% (1/2)">
              <conditions>
                <condition number="66" type="jump" coverage="50%" />
              </conditions>
            </line>
            <line number="372" hits="6" branch="True" condition-coverage="50% (1/2)">
              <conditions>
                <condition number="102" type="jump" coverage="50%" />
              </conditions>
            </line>
            <line number="373" hits="6" branch="True" condition-coverage="50% (1/2)">
              <conditions>
                <condition number="138" type="jump" coverage="50%" />
              </conditions>
            </line>
            <line number="374" hits="6" branch="False" />
            <line number="375" hits="20" branch="False" />
            <line number="376" hits="49" branch="False" />
            <line number="377" hits="20" branch="False" />
            <line number="378" hits="20" branch="False" />
            <line number="379" hits="20" branch="False" />
            <line number="380" hits="20" branch="False" />
            <line number="381" hits="20" branch="False" />
            <line number="382" hits="20" branch="False" />
            <line number="383" hits="20" branch="False" />
            <line number="384" hits="20" branch="False" />
            <line number="385" hits="20" branch="False" />
            <line number="386" hits="20" branch="False" />
            <line number="387" hits="20" branch="False" />
            <line number="388" hits="20" branch="False" />
            <line number="389" hits="20" branch="False" />
            <line number="390" hits="20" branch="False" />
            <line number="391" hits="3" branch="False" />
            <line number="392" hits="3" branch="False" />
            <line number="393" hits="3" branch="False" />
            <line number="394" hits="20" branch="False" />
            <line number="395" hits="3" branch="False" />
            <line number="396" hits="3" branch="False" />
            <line number="397" hits="0" branch="False" />
            <line number="398" hits="0" branch="False" />
            <line number="399" hits="0" branch="False" />
            <line number="400" hits="20" branch="False" />
            <line number="403" hits="11" branch="False" />
            <line number="404" hits="11" branch="False" />
            <line number="405" hits="11" branch="False" />
            <line number="406" hits="13" branch="True" condition-coverage="100% (2/2)">
              <conditions>
                <condition number="27" type="jump" coverage="100%" />
              </conditions>
            </line>
            <line number="407" hits="9" branch="True" condition-coverage="50% (1/2)">
              <conditions>
                <condition number="66" type="jump" coverage="50%" />
              </conditions>
            </line>
            <line number="408" hits="12" branch="True" condition-coverage="100% (2/2)">
              <conditions>
                <condition number="102" type="jump" coverage="100%" />
              </conditions>
            </line>
            <line number="409" hits="6" branch="True" condition-coverage="50% (1/2)">
              <conditions>
                <condition number="138" type="jump" coverage="50%" />
              </conditions>
            </line>
            <line number="410" hits="6" branch="False" />
            <line number="411" hits="11" branch="False" />
            <line number="412" hits="24" branch="False" />
            <line number="413" hits="11" branch="False" />
            <line number="414" hits="11" branch="False" />
            <line number="415" hits="11" branch="False" />
            <line number="416" hits="11" branch="False" />
            <line number="417" hits="11" branch="False" />
            <line number="418" hits="11" branch="False" />
            <line number="419" hits="11" branch="False" />
            <line number="420" hits="11" branch="False" />
            <line number="421" hits="11" branch="False" />
            <line number="422" hits="11" branch="False" />
            <line number="423" hits="11" branch="False" />
            <line number="424" hits="11" branch="False" />
            <line number="425" hits="11" branch="False" />
            <line number="426" hits="11" branch="False" />
            <line number="427" hits="3" branch="False" />
            <line number="428" hits="2" branch="False" />
            <line number="429" hits="1" branch="False" />
            <line number="430" hits="11" branch="False" />
            <line number="431" hits="1" branch="False" />
            <line number="432" hits="1" branch="False" />
            <line number="433" hits="0" branch="False" />
            <line number="434" hits="0" branch="False" />
            <line number="435" hits="2" branch="False" />
            <line number="436" hits="11" branch="False" />
            <line number="441" hits="2" branch="False" />
            <line number="444" hits="13" branch="False" />
            <line number="445" hits="13" branch="False" />
            <line number="446" hits="13" branch="False" />
            <line number="447" hits="13" branch="False" />
            <line number="448" hits="0" branch="False" />
            <line number="449" hits="0" branch="False" />
            <line number="452" hits="13" branch="False" />
            <line number="454" hits="2" branch="False" />
            <line number="463" hits="1" branch="False" />
            <line number="475" hits="0" branch="False" />
            <line number="491" hits="1" branch="False" />
            <line number="492" hits="1" branch="False" />
            <line number="521" hits="1" branch="False" />
            <line number="522" hits="1" branch="False" />
            <line number="524" hits="1" branch="False" />
            <line number="525" hits="4" branch="True" condition-coverage="100% (2/2)">
              <conditions>
                <condition number="116" type="jump" coverage="100%" />
              </conditions>
            </line>
            <line number="526" hits="2" branch="False" />
            <line number="527" hits="1" branch="False" />
            <line number="529" hits="6" branch="False" />
            <line number="530" hits="1" branch="True" condition-coverage="50% (1/2)">
              <conditions>
                <condition number="169" type="jump" coverage="50%" />
              </conditions>
            </line>
            <line number="531" hits="1" branch="False" />
            <line number="532" hits="4" branch="True" condition-coverage="100% (2/2)">
              <conditions>
                <condition number="229" type="jump" coverage="100%" />
              </conditions>
            </line>
            <line number="533" hits="1" branch="False" />
            <line number="535" hits="1" branch="False" />
            <line number="536" hits="1" branch="False" />
            <line number="537" hits="1" branch="False" />
          </lines>
        </class>
        <class name="Fire.Schema/email@239" filename="Schema.fs" line-rate="1" branch-rate="1" complexity="4">
          <methods>
            <method name="Invoke" signature="(System.String,System.Object)" line-rate="1" branch-rate="1" complexity="4">
              <lines>
                <line number="240" hits="4" branch="False" />
                <line number="241" hits="14" branch="True" condition-coverage="100% (4/4)">
                  <conditions>
                    <condition number="19" type="jump" coverage="100%" />
                    <condition number="37" type="jump" coverage="100%" />
                  </conditions>
                </line>
                <line number="242" hits="1" branch="False" />
              </lines>
            </method>
          </methods>
          <lines>
            <line number="240" hits="4" branch="False" />
            <line number="241" hits="14" branch="True" condition-coverage="100% (4/4)">
              <conditions>
                <condition number="19" type="jump" coverage="100%" />
                <condition number="37" type="jump" coverage="100%" />
              </conditions>
            </line>
            <line number="242" hits="1" branch="False" />
          </lines>
        </class>
        <class name="Fire.Schema/url@247" filename="Schema.fs" line-rate="0" branch-rate="0" complexity="4">
          <methods>
            <method name="Invoke" signature="(System.String,System.Object)" line-rate="0" branch-rate="0" complexity="4">
              <lines>
                <line number="248" hits="0" branch="False" />
                <line number="249" hits="0" branch="True" condition-coverage="0% (0/4)">
                  <conditions>
                    <condition number="19" type="jump" coverage="0%" />
                    <condition number="37" type="jump" coverage="0%" />
                  </conditions>
                </line>
                <line number="250" hits="0" branch="False" />
              </lines>
            </method>
          </methods>
          <lines>
            <line number="248" hits="0" branch="False" />
            <line number="249" hits="0" branch="True" condition-coverage="0% (0/4)">
              <conditions>
                <condition number="19" type="jump" coverage="0%" />
                <condition number="37" type="jump" coverage="0%" />
              </conditions>
            </line>
            <line number="250" hits="0" branch="False" />
          </lines>
        </class>
        <class name="Fire.Schema/construct@335" filename="Schema.fs" line-rate="1" branch-rate="1" complexity="1">
          <methods>
            <method name="Invoke" signature="(System.Object[])" line-rate="1" branch-rate="1" complexity="1">
              <lines>
                <line number="335" hits="8" branch="False" />
              </lines>
            </method>
          </methods>
          <lines>
            <line number="335" hits="8" branch="False" />
          </lines>
        </class>
        <class name="Fire.Schema/parser@343" filename="Schema.fs" line-rate="0" branch-rate="0" complexity="2">
          <methods>
            <method name="Invoke" signature="(System.Text.Json.JsonElement)" line-rate="0" branch-rate="0" complexity="2">
              <lines>
                <line number="344" hits="0" branch="True" condition-coverage="0% (0/2)">
                  <conditions>
                    <condition number="26" type="jump" coverage="0%" />
                  </conditions>
                </line>
                <line number="345" hits="0" branch="False" />
                <line number="346" hits="0" branch="False" />
              </lines>
            </method>
          </methods>
          <lines>
            <line number="344" hits="0" branch="True" condition-coverage="0% (0/2)">
              <conditions>
                <condition number="26" type="jump" coverage="0%" />
              </conditions>
            </line>
            <line number="345" hits="0" branch="False" />
            <line number="346" hits="0" branch="False" />
          </lines>
        </class>
        <class name="Fire.Schema/parsePipe@454" filename="Schema.fs" line-rate="1" branch-rate="0.4375" complexity="16">
          <methods>
            <method name="MoveNext" signature="()" line-rate="1" branch-rate="0.4375" complexity="16">
              <lines>
                <line number="455" hits="2" branch="True" condition-coverage="40% (4/10)">
                  <conditions>
                    <condition number="10" type="jump" coverage="50%" />
                    <condition number="28" type="jump" coverage="50%" />
                    <condition number="84" type="jump" coverage="50%" />
                    <condition number="89" type="jump" coverage="0%" />
                    <condition number="116" type="jump" coverage="50%" />
                  </conditions>
                </line>
                <line number="456" hits="2" branch="False" />
                <line number="457" hits="2" branch="False" />
                <line number="458" hits="2" branch="False" />
                <line number="459" hits="2" branch="True" condition-coverage="50% (3/6)">
                  <conditions>
                    <condition number="232" type="jump" coverage="50%" />
                    <condition number="250" type="jump" coverage="50%" />
                    <condition number="300" type="jump" coverage="50%" />
                  </conditions>
                </line>
              </lines>
            </method>
          </methods>
          <lines>
            <line number="455" hits="2" branch="True" condition-coverage="40% (4/10)">
              <conditions>
                <condition number="10" type="jump" coverage="50%" />
                <condition number="28" type="jump" coverage="50%" />
                <condition number="84" type="jump" coverage="50%" />
                <condition number="89" type="jump" coverage="0%" />
                <condition number="116" type="jump" coverage="50%" />
              </conditions>
            </line>
            <line number="456" hits="2" branch="False" />
            <line number="457" hits="2" branch="False" />
            <line number="458" hits="2" branch="False" />
            <line number="459" hits="2" branch="True" condition-coverage="50% (3/6)">
              <conditions>
                <condition number="232" type="jump" coverage="50%" />
                <condition number="250" type="jump" coverage="50%" />
                <condition number="300" type="jump" coverage="50%" />
              </conditions>
            </line>
          </lines>
        </class>
        <class name="Fire.Schema/parseStream@463" filename="Schema.fs" line-rate="0.6" branch-rate="0.4" complexity="30">
          <methods>
            <method name="MoveNext" signature="()" line-rate="0.6" branch-rate="0.4" complexity="30">
              <lines>
                <line number="464" hits="1" branch="True" condition-coverage="50% (3/6)">
                  <conditions>
                    <condition number="10" type="jump" coverage="50%" />
                    <condition number="28" type="jump" coverage="50%" />
                    <condition number="54" type="jump" coverage="50%" />
                  </conditions>
                </line>
                <line number="465" hits="2" branch="True" condition-coverage="33.33% (2/6)">
                  <conditions>
                    <condition number="114" type="jump" coverage="50%" />
                    <condition number="119" type="jump" coverage="0%" />
                    <condition number="146" type="jump" coverage="50%" />
                  </conditions>
                </line>
                <line number="466" hits="1" branch="True" condition-coverage="35.71% (5/14)">
                  <conditions>
                    <condition number="257" type="jump" coverage="0%" />
                    <condition number="265" type="jump" coverage="0%" />
                    <condition number="306" type="jump" coverage="50%" />
                    <condition number="324" type="jump" coverage="50%" />
                    <condition number="332" type="jump" coverage="50%" />
                    <condition number="394" type="jump" coverage="50%" />
                    <condition number="435" type="jump" coverage="50%" />
                  </conditions>
                </line>
                <line number="467" hits="0" branch="False" />
                <line number="468" hits="0" branch="True" condition-coverage="50% (2/4)">
                  <conditions>
                    <condition number="500" type="jump" coverage="50%" />
                    <condition number="550" type="jump" coverage="50%" />
                  </conditions>
                </line>
              </lines>
            </method>
          </methods>
          <lines>
            <line number="464" hits="1" branch="True" condition-coverage="50% (3/6)">
              <conditions>
                <condition number="10" type="jump" coverage="50%" />
                <condition number="28" type="jump" coverage="50%" />
                <condition number="54" type="jump" coverage="50%" />
              </conditions>
            </line>
            <line number="465" hits="2" branch="True" condition-coverage="33.33% (2/6)">
              <conditions>
                <condition number="114" type="jump" coverage="50%" />
                <condition number="119" type="jump" coverage="0%" />
                <condition number="146" type="jump" coverage="50%" />
              </conditions>
            </line>
            <line number="466" hits="1" branch="True" condition-coverage="35.71% (5/14)">
              <conditions>
                <condition number="257" type="jump" coverage="0%" />
                <condition number="265" type="jump" coverage="0%" />
                <condition number="306" type="jump" coverage="50%" />
                <condition number="324" type="jump" coverage="50%" />
                <condition number="332" type="jump" coverage="50%" />
                <condition number="394" type="jump" coverage="50%" />
                <condition number="435" type="jump" coverage="50%" />
              </conditions>
            </line>
            <line number="467" hits="0" branch="False" />
            <line number="468" hits="0" branch="True" condition-coverage="50% (2/4)">
              <conditions>
                <condition number="500" type="jump" coverage="50%" />
                <condition number="550" type="jump" coverage="50%" />
              </conditions>
            </line>
          </lines>
        </class>
        <class name="Fire.Schema/validated@475" filename="Schema.fs" line-rate="0" branch-rate="0" complexity="33">
          <methods>
            <method name="MoveNext" signature="()" line-rate="0" branch-rate="0" complexity="33">
              <lines>
                <line number="476" hits="0" branch="True" condition-coverage="0% (0/9)">
                  <conditions>
                    <condition number="10" type="switch" coverage="0%" />
                    <condition number="35" type="switch" coverage="0%" />
                    <condition number="68" type="switch" coverage="0%" />
                  </conditions>
                </line>
                <line number="477" hits="0" branch="True" condition-coverage="0% (0/6)">
                  <conditions>
                    <condition number="151" type="jump" coverage="0%" />
                    <condition number="156" type="jump" coverage="0%" />
                    <condition number="183" type="jump" coverage="0%" />
                  </conditions>
                </line>
                <line number="478" hits="0" branch="False" />
                <line number="479" hits="0" branch="False" />
                <line number="480" hits="0" branch="False" />
                <line number="481" hits="0" branch="True" condition-coverage="0% (0/2)">
                  <conditions>
                    <condition number="283" type="jump" coverage="0%" />
                  </conditions>
                </line>
                <line number="482" hits="0" branch="True" condition-coverage="0% (0/8)">
                  <conditions>
                    <condition number="341" type="jump" coverage="0%" />
                    <condition number="346" type="jump" coverage="0%" />
                    <condition number="373" type="jump" coverage="0%" />
                    <condition number="434" type="jump" coverage="0%" />
                  </conditions>
                </line>
                <line number="483" hits="0" branch="True" condition-coverage="0% (0/4)">
                  <conditions>
                    <condition number="532" type="jump" coverage="0%" />
                    <condition number="573" type="jump" coverage="0%" />
                  </conditions>
                </line>
                <line number="484" hits="0" branch="False" />
                <line number="485" hits="0" branch="True" condition-coverage="0% (0/4)">
                  <conditions>
                    <condition number="658" type="jump" coverage="0%" />
                    <condition number="708" type="jump" coverage="0%" />
                  </conditions>
                </line>
              </lines>
            </method>
          </methods>
          <lines>
            <line number="476" hits="0" branch="True" condition-coverage="0% (0/9)">
              <conditions>
                <condition number="10" type="switch" coverage="0%" />
                <condition number="35" type="switch" coverage="0%" />
                <condition number="68" type="switch" coverage="0%" />
              </conditions>
            </line>
            <line number="477" hits="0" branch="True" condition-coverage="0% (0/6)">
              <conditions>
                <condition number="151" type="jump" coverage="0%" />
                <condition number="156" type="jump" coverage="0%" />
                <condition number="183" type="jump" coverage="0%" />
              </conditions>
            </line>
            <line number="478" hits="0" branch="False" />
            <line number="479" hits="0" branch="False" />
            <line number="480" hits="0" branch="False" />
            <line number="481" hits="0" branch="True" condition-coverage="0% (0/2)">
              <conditions>
                <condition number="283" type="jump" coverage="0%" />
              </conditions>
            </line>
            <line number="482" hits="0" branch="True" condition-coverage="0% (0/8)">
              <conditions>
                <condition number="341" type="jump" coverage="0%" />
                <condition number="346" type="jump" coverage="0%" />
                <condition number="373" type="jump" coverage="0%" />
                <condition number="434" type="jump" coverage="0%" />
              </conditions>
            </line>
            <line number="483" hits="0" branch="True" condition-coverage="0% (0/4)">
              <conditions>
                <condition number="532" type="jump" coverage="0%" />
                <condition number="573" type="jump" coverage="0%" />
              </conditions>
            </line>
            <line number="484" hits="0" branch="False" />
            <line number="485" hits="0" branch="True" condition-coverage="0% (0/4)">
              <conditions>
                <condition number="658" type="jump" coverage="0%" />
                <condition number="708" type="jump" coverage="0%" />
              </conditions>
            </line>
          </lines>
        </class>
        <class name="Fire.Schema/Pipe #1 stage #1 at line 514@514" filename="Schema.fs" line-rate="0" branch-rate="1" complexity="1">
          <methods>
            <method name="Invoke" signature="(Fire.FieldSpec)" line-rate="0" branch-rate="1" complexity="1">
              <lines>
                <line number="514" hits="0" branch="False" />
              </lines>
            </method>
          </methods>
          <lines>
            <line number="514" hits="0" branch="False" />
          </lines>
        </class>
        <class name="Fire.Schema/writeFieldSchema@495" filename="Schema.fs" line-rate="0.3478" branch-rate="0.3" complexity="20">
          <methods>
            <method name="Invoke" signature="(System.Text.Json.Utf8JsonWriter,Fire.FieldSpec)" line-rate="0.3478" branch-rate="0.3" complexity="20">
              <lines>
                <line number="495" hits="2" branch="False" />
                <line number="496" hits="2" branch="False" />
                <line number="497" hits="6" branch="True" condition-coverage="100% (2/2)">
                  <conditions>
                    <condition number="400" type="jump" coverage="100%" />
                  </conditions>
                </line>
                <line number="498" hits="2" branch="True" condition-coverage="37.5% (3/8)">
                  <conditions>
                    <condition number="63" type="switch" coverage="37.5%" />
                  </conditions>
                </line>
                <line number="499" hits="1" branch="False" />
                <line number="500" hits="1" branch="False" />
                <line number="501" hits="0" branch="False" />
                <line number="502" hits="0" branch="False" />
                <line number="503" hits="0" branch="False" />
                <line number="504" hits="0" branch="False" />
                <line number="506" hits="0" branch="False" />
                <line number="507" hits="0" branch="True" condition-coverage="0% (0/2)">
                  <conditions>
                    <condition number="381" type="jump" coverage="0%" />
[...]
                    <condition number="762" type="jump" coverage="50%" />
                    <condition number="770" type="jump" coverage="50%" />
                    <condition number="808" type="jump" coverage="50%" />
                    <condition number="825" type="jump" coverage="50%" />
                  </conditions>
                </line>
                <line number="178" hits="41" branch="True" condition-coverage="80% (8/10)">
                  <conditions>
                    <condition number="196" type="jump" coverage="100%" />
                    <condition number="210" type="jump" coverage="100%" />
                    <condition number="224" type="jump" coverage="100%" />
                    <condition number="238" type="jump" coverage="50%" />
                    <condition number="255" type="jump" coverage="50%" />
                  </conditions>
                </line>
                <line number="180" hits="1" branch="False" />
                <line number="182" hits="4" branch="False" />
                <line number="183" hits="4" branch="False" />
                <line number="185" hits="2" branch="False" />
                <line number="186" hits="2" branch="True" condition-coverage="33.33% (2/6)">
                  <conditions>
                    <condition number="425" type="jump" coverage="50%" />
                    <condition number="430" type="jump" coverage="0%" />
                    <condition number="457" type="jump" coverage="50%" />
                  </conditions>
                </line>
                <line number="187" hits="2" branch="True" condition-coverage="50% (1/2)">
                  <conditions>
                    <condition number="522" type="jump" coverage="50%" />
                  </conditions>
                </line>
                <line number="189" hits="0" branch="False" />
                <line number="192" hits="34" branch="True" condition-coverage="50% (1/2)">
                  <conditions>
                    <condition number="612" type="jump" coverage="50%" />
                  </conditions>
                </line>
                <line number="194" hits="41" branch="False" />
                <line number="195" hits="41" branch="True" condition-coverage="92.85% (13/14)">
                  <conditions>
                    <condition number="890" type="jump" coverage="100%" />
                    <condition number="895" type="jump" coverage="50%" />
                    <condition number="922" type="jump" coverage="100%" />
                    <condition number="983" type="jump" coverage="100%" />
                    <condition number="1003" type="jump" coverage="100%" />
                    <condition number="1020" type="jump" coverage="100%" />
                    <condition number="1070" type="jump" coverage="100%" />
                  </conditions>
                </line>
              </lines>
            </method>
          </methods>
          <lines>
            <line number="176" hits="41" branch="True" condition-coverage="33.33% (2/6)">
              <conditions>
                <condition number="10" type="switch" coverage="33.33%" />
                <condition number="35" type="switch" coverage="33.33%" />
              </conditions>
            </line>
            <line number="177" hits="123" branch="True" condition-coverage="45% (9/20)">
              <conditions>
                <condition number="98" type="jump" coverage="50%" />
                <condition number="630" type="jump" coverage="100%" />
                <condition number="637" type="jump" coverage="50%" />
                <condition number="687" type="jump" coverage="0%" />
                <condition number="695" type="jump" coverage="0%" />
                <condition number="740" type="jump" coverage="50%" />
                <condition number="762" type="jump" coverage="50%" />
                <condition number="770" type="jump" coverage="50%" />
                <condition number="808" type="jump" coverage="50%" />
                <condition number="825" type="jump" coverage="50%" />
              </conditions>
            </line>
            <line number="178" hits="41" branch="True" condition-coverage="80% (8/10)">
              <conditions>
                <condition number="196" type="jump" coverage="100%" />
                <condition number="210" type="jump" coverage="100%" />
                <condition number="224" type="jump" coverage="100%" />
                <condition number="238" type="jump" coverage="50%" />
                <condition number="255" type="jump" coverage="50%" />
              </conditions>
            </line>
            <line number="180" hits="1" branch="False" />
            <line number="182" hits="4" branch="False" />
            <line number="183" hits="4" branch="False" />
            <line number="185" hits="2" branch="False" />
            <line number="186" hits="2" branch="True" condition-coverage="33.33% (2/6)">
              <conditions>
                <condition number="425" type="jump" coverage="50%" />
                <condition number="430" type="jump" coverage="0%" />
                <condition number="457" type="jump" coverage="50%" />
              </conditions>
            </line>
            <line number="187" hits="2" branch="True" condition-coverage="50% (1/2)">
              <conditions>
                <condition number="522" type="jump" coverage="50%" />
              </conditions>
            </line>
            <line number="189" hits="0" branch="False" />
            <line number="192" hits="34" branch="True" condition-coverage="50% (1/2)">
              <conditions>
                <condition number="612" type="jump" coverage="50%" />
              </conditions>
            </line>
            <line number="194" hits="41" branch="False" />
            <line number="195" hits="41" branch="True" condition-coverage="92.85% (13/14)">
              <conditions>
                <condition number="890" type="jump" coverage="100%" />
                <condition number="895" type="jump" coverage="50%" />
                <condition number="922" type="jump" coverage="100%" />
                <condition number="983" type="jump" coverage="100%" />
                <condition number="1003" type="jump" coverage="100%" />
                <condition number="1020" type="jump" coverage="100%" />
                <condition number="1070" type="jump" coverage="100%" />
              </conditions>
            </line>
          </lines>
        </class>
        <class name="Fire.HandlerFactory/h@175-1" filename="HandlerFactory.fs" line-rate="1" branch-rate="1" complexity="1">
          <methods>
            <method name="Invoke" signature="(Fire.Request)" line-rate="1" branch-rate="1" complexity="1">
              <lines>
                <line number="175" hits="41" branch="False" />
              </lines>
            </method>
          </methods>
          <lines>
            <line number="175" hits="41" branch="False" />
          </lines>
        </class>
        <class name="Fire.HandlerFactory/invokeMethod@89" filename="HandlerFactory.fs" line-rate="1" branch-rate="0.5" complexity="2">
          <methods />
          <lines />
        </class>
        <class name="Fire.HandlerFactory/classified@146" filename="HandlerFactory.fs" line-rate="1" branch-rate="0.6875" complexity="32">
          <methods />
          <lines />
        </class>
        <class name="Fire.HandlerFactory/paramBindings@167" filename="HandlerFactory.fs" line-rate="1" branch-rate="1" complexity="2">
          <methods />
          <lines />
        </class>
        <class name="Fire.Cookie" filename="Cookie.fs" line-rate="1" branch-rate="1" complexity="19">
          <methods>
            <method name="maxAge" signature="(System.Int32,Fire.CookieOptions)" line-rate="1" branch-rate="1" complexity="1">
              <lines>
                <line number="23" hits="1" branch="False" />
              </lines>
            </method>
            <method name="path" signature="(System.String,Fire.CookieOptions)" line-rate="1" branch-rate="1" complexity="1">
              <lines>
                <line number="24" hits="2" branch="False" />
              </lines>
            </method>
            <method name="domain" signature="(System.String,Fire.CookieOptions)" line-rate="1" branch-rate="1" complexity="1">
              <lines>
                <line number="25" hits="1" branch="False" />
              </lines>
            </method>
            <method name="secure" signature="(Fire.CookieOptions)" line-rate="1" branch-rate="1" complexity="1">
              <lines>
                <line number="26" hits="2" branch="False" />
              </lines>
            </method>
            <method name="httpOnly" signature="(Fire.CookieOptions)" line-rate="1" branch-rate="1" complexity="1">
              <lines>
                <line number="27" hits="2" branch="False" />
              </lines>
            </method>
            <method name="sameSite" signature="(System.String,Fire.CookieOptions)" line-rate="1" branch-rate="1" complexity="1">
              <lines>
                <line number="28" hits="1" branch="False" />
              </lines>
            </method>
            <method name="buildHeaderValue" signature="(System.String,System.String,Fire.CookieOptions)" line-rate="1" branch-rate="1" complexity="12">
              <lines>
                <line number="31" hits="4" branch="False" />
                <line number="32" hits="4" branch="False" />
                <line number="33" hits="8" branch="True" condition-coverage="100% (2/2)">
                  <conditions>
                    <condition number="32" type="jump" coverage="100%" />
                  </conditions>
                </line>
                <line number="34" hits="8" branch="True" condition-coverage="100% (2/2)">
                  <conditions>
                    <condition number="101" type="jump" coverage="100%" />
                  </conditions>
                </line>
                <line number="35" hits="8" branch="True" condition-coverage="100% (2/2)">
                  <conditions>
                    <condition number="151" type="jump" coverage="100%" />
                  </conditions>
                </line>
                <line number="36" hits="6" branch="True" condition-coverage="100% (2/2)">
                  <conditions>
                    <condition number="198" type="jump" coverage="100%" />
                  </conditions>
                </line>
                <line number="37" hits="6" branch="True" condition-coverage="100% (2/2)">
                  <conditions>
                    <condition number="222" type="jump" coverage="100%" />
                  </conditions>
                </line>
                <line number="38" hits="8" branch="True" condition-coverage="100% (2/2)">
                  <conditions>
                    <condition number="249" type="jump" coverage="100%" />
                  </conditions>
                </line>
                <line number="39" hits="4" branch="False" />
              </lines>
            </method>
            <method name="set" signature="(System.String,System.String,Fire.CookieOptions,Fire.Response)" line-rate="1" branch-rate="1" complexity="1">
              <lines>
                <line number="43" hits="4" branch="False" />
                <line number="44" hits="4" branch="False" />
              </lines>
            </method>
          </methods>
          <lines>
            <line number="23" hits="1" branch="False" />
            <line number="24" hits="2" branch="False" />
            <line number="25" hits="1" branch="False" />
            <line number="26" hits="2" branch="False" />
            <line number="27" hits="2" branch="False" />
            <line number="28" hits="1" branch="False" />
            <line number="31" hits="4" branch="False" />
            <line number="32" hits="4" branch="False" />
            <line number="33" hits="8" branch="True" condition-coverage="100% (2/2)">
              <conditions>
                <condition number="32" type="jump" coverage="100%" />
              </conditions>
            </line>
            <line number="34" hits="8" branch="True" condition-coverage="100% (2/2)">
              <conditions>
                <condition number="101" type="jump" coverage="100%" />
              </conditions>
            </line>
            <line number="35" hits="8" branch="True" condition-coverage="100% (2/2)">
              <conditions>
                <condition number="151" type="jump" coverage="100%" />
              </conditions>
            </line>
            <line number="36" hits="6" branch="True" condition-coverage="100% (2/2)">
              <conditions>
                <condition number="198" type="jump" coverage="100%" />
              </conditions>
            </line>
            <line number="37" hits="6" branch="True" condition-coverage="100% (2/2)">
              <conditions>
                <condition number="222" type="jump" coverage="100%" />
              </conditions>
            </line>
            <line number="38" hits="8" branch="True" condition-coverage="100% (2/2)">
              <conditions>
                <condition number="249" type="jump" coverage="100%" />
              </conditions>
            </line>
            <line number="39" hits="4" branch="False" />
            <line number="43" hits="4" branch="False" />
            <line number="44" hits="4" branch="False" />
          </lines>
        </class>
        <class name="&lt;StartupCode$Fire&gt;.$Cookie" filename="Cookie.fs" line-rate="1" branch-rate="1" complexity="1">
          <methods>
            <method name=".cctor" signature="()" line-rate="1" branch-rate="1" complexity="1">
              <lines>
                <line number="14" hits="1" branch="False" />
                <line number="15" hits="1" branch="False" />
                <line number="16" hits="1" branch="False" />
                <line number="17" hits="1" branch="False" />
                <line number="18" hits="1" branch="False" />
                <line number="19" hits="1" branch="False" />
                <line number="20" hits="1" branch="False" />
                <line number="21" hits="1" branch="False" />
              </lines>
            </method>
          </methods>
          <lines>
            <line number="14" hits="1" branch="False" />
            <line number="15" hits="1" branch="False" />
            <line number="16" hits="1" branch="False" />
            <line number="17" hits="1" branch="False" />
            <line number="18" hits="1" branch="False" />
            <line number="19" hits="1" branch="False" />
            <line number="20" hits="1" branch="False" />
            <line number="21" hits="1" branch="False" />
          </lines>
        </class>
        <class name="Fire.ResponseModule" filename="Response.fs" line-rate="1" branch-rate="1" complexity="11">
          <methods>
            <method name="text" signature="(System.String)" line-rate="1" branch-rate="1" complexity="1">
              <lines>
                <line number="21" hits="39" branch="False" />
              </lines>
            </method>
            <method name="json" signature="(T)" line-rate="1" branch-rate="1" complexity="1">
              <lines>
                <line number="24" hits="20" branch="False" />
              </lines>
            </method>
            <method name="stream" signature="(System.IO.Stream)" line-rate="1" branch-rate="1" complexity="1">
              <lines>
                <line number="26" hits="7" branch="False" />
              </lines>
            </method>
            <method name="status" signature="(System.Int32,Fire.Response)" line-rate="1" branch-rate="1" complexity="1">
              <lines>
                <line number="27" hits="12" branch="False" />
              </lines>
            </method>
            <method name="header" signature="(System.String,System.String,Fire.Response)" line-rate="1" branch-rate="1" complexity="1">
              <lines>
                <line number="28" hits="44" branch="False" />
              </lines>
            </method>
            <method name="cookie" signature="(a,b,Fire.Response)" line-rate="1" branch-rate="1" complexity="1">
              <lines>
                <line number="31" hits="8" branch="False" />
              </lines>
            </method>
            <method name="redirect" signature="(System.String,System.Int32,Fire.Response)" line-rate="1" branch-rate="1" complexity="1">
              <lines>
                <line number="39" hits="3" branch="False" />
              </lines>
            </method>
            <method name="etag" signature="(System.String,Fire.Response)" line-rate="1" branch-rate="1" complexity="1">
              <lines>
                <line number="41" hits="6" branch="False" />
              </lines>
            </method>
            <method name="cacheControl" signature="(System.String,Fire.Response)" line-rate="1" branch-rate="1" complexity="1">
              <lines>
                <line number="43" hits="6" branch="False" />
              </lines>
            </method>
            <method name="ofResult" signature="(Microsoft.FSharp.Core.FSharpFunc`2&lt;T,Fire.Response&gt;,Microsoft.FSharp.Core.FSharpFunc`2&lt;E,Fire.Response&gt;,Microsoft.FSharp.Core.FSharpResult`2&lt;T,E&gt;)" line-rate="1" branch-rate="1" complexity="2">
              <lines>
                <line number="46" hits="2" branch="True" condition-coverage="100% (2/2)">
                  <conditions>
                    <condition number="10" type="jump" coverage="100%" />
                  </conditions>
                </line>
                <line number="47" hits="1" branch="False" />
                <line number="48" hits="1" branch="False" />
              </lines>
            </method>
          </methods>
          <lines>
            <line number="21" hits="39" branch="False" />
            <line number="24" hits="20" branch="False" />
            <line number="26" hits="7" branch="False" />
            <line number="27" hits="12" branch="False" />
            <line number="28" hits="44" branch="False" />
            <line number="31" hits="8" branch="False" />
            <line number="39" hits="3" branch="False" />
            <line number="41" hits="6" branch="False" />
            <line number="43" hits="6" branch="False" />
            <line number="46" hits="2" branch="True" condition-coverage="100% (2/2)">
              <conditions>
                <condition number="10" type="jump" coverage="100%" />
              </conditions>
            </line>
            <line number="47" hits="1" branch="False" />
            <line number="48" hits="1" branch="False" />
          </lines>
        </class>
        <class name="&lt;StartupCode$Fire&gt;.$Response" filename="Response.fs" line-rate="1" branch-rate="1" complexity="1">
          <methods>
            <method name=".cctor" signature="()" line-rate="1" branch-rate="1" complexity="1">
              <lines>
                <line number="20" hits="1" branch="False" />
                <line number="33" hits="1" branch="False" />
                <line number="34" hits="1" branch="False" />
                <line number="35" hits="1" branch="False" />
                <line number="36" hits="1" branch="False" />
              </lines>
            </method>
          </methods>
          <lines>
            <line number="20" hits="1" branch="False" />
            <line number="33" hits="1" branch="False" />
            <line number="34" hits="1" branch="False" />
            <line number="35" hits="1" branch="False" />
            <line number="36" hits="1" branch="False" />
          </lines>
        </class>
      </classes>
    </package>
  </packages>
</coverage>